<?xml version="1.0" encoding="UTF-8"?>
<!-- Generated by org.testng.reporters.JUnitReportReporter -->
<testsuite hostname="DESKTOP-NKRB8L4" failures="0" tests="1" name="Sample" time="0.020" errors="0" timestamp="2022-09-12T17:03:57 IST" skipped="0">
  <testcase classname="Sample" name="tester" time="0.020"/>
  <system-out>
    <![CDATA[1]]>
  </system-out>
</testsuite> <!-- Sample -->
