<?xml version="1.0" encoding="UTF-8"?>
<!-- Generated by org.testng.reporters.JUnitReportReporter -->
<testsuite hostname="DESKTOP-NKRB8L4" failures="0" tests="2" name="testScripts.test3" time="0.023" errors="0" timestamp="2022-09-12T17:08:35 IST" skipped="0">
  <testcase classname="testScripts.test3" name="test2" time="0.019"/>
  <system-out>
    <![CDATA[2]]>
  </system-out>
  <testcase classname="testScripts.test3" name="test1" time="0.004"/>
  <system-out>
    <![CDATA[1]]>
  </system-out>
</testsuite> <!-- testScripts.test3 -->
